[0;36m[2026-03-23 09:24:06][0m ============================================================
[0;36m[2026-03-23 09:24:06][0m 🚀 开始一键完整优化
[0;36m[2026-03-23 09:24:06][0m ============================================================
[0;35m▶[0m 检查系统依赖...
[1;33m⚠[0m 缺少以下依赖：
[0;34mℹ[0m 安装 PyYAML: pip3 install pyyaml
[0;36m[2026-03-23 09:24:50][0m ============================================================
[0;36m[2026-03-23 09:24:50][0m 🚀 开始一键完整优化
[0;36m[2026-03-23 09:24:50][0m ============================================================
[0;35m▶[0m 检查系统依赖...
[0;32m✓[0m 所有依赖已就绪
[0;34mℹ[0m Node.js: v20.20.1
[0;34mℹ[0m npm: 10.8.2
[0;34mℹ[0m Git: git version 2.39.3 (Apple Git-146)
[0;34mℹ[0m Python: Python 3.11.15
[0;35m▶[0m 设置备份目录...
[0;32m✓[0m 备份目录已创建：.theme_backups
[0;35m▶[0m 执行完整备份...
[0;32m✓[0m 已备份：_config.next.yml
[0;32m✓[0m 已备份：themes/next/_config.yml
[0;32m✓[0m 已备份：source/_data
[0;34mℹ[0m 备份位置：.theme_backups/full_backup_20260323_092447
[0;32m✓[0m 完整备份完成！
[0;35m▶[0m 智能检查配置...
[0;32m✓[0m 配置检查完成！
[0;35m▶[0m 自动优化配置...
[0;32m✓[0m 配置优化完成！
[0;35m▶[0m 检查主题更新...
[0;34mℹ[0m 当前版本：8.27.0
[0;34mℹ[0m 最新版本：8.27.0
[0;32m✓[0m 已是最新版本
[0;35m▶[0m 清理冗余文件...
[0;34mℹ[0m 没有发现冗余文件
[0;35m▶[0m 生成综合优化报告...
[0;32m✓[0m 报告已生成：ai_optimization_report_20260323_092447.md
[0;36m[2026-03-23 09:24:56][0m ============================================================
[0;32m✓[0m ✨ 一键优化完成！
[0;36m[2026-03-23 09:24:56][0m ============================================================
[0;36m[2026-03-23 09:24:56][0m 查看报告：ls -lh *report*.md
[0;36m[2026-03-23 09:24:56][0m 查看日志：cat .ai_optimization.log
[0;36m[2026-03-23 09:24:56][0m ============================================================
[0;34mℹ[0m 运行 Hexo 生成测试...
[0;32m✓[0m 网站生成成功！
[0;36m[2026-03-23 09:26:32][0m ============================================================
[0;36m[2026-03-23 09:26:32][0m 🚀 开始一键完整优化
[0;36m[2026-03-23 09:26:32][0m ============================================================
[0;35m▶[0m 检查系统依赖...
[0;32m✓[0m 所有依赖已就绪
[0;34mℹ[0m Node.js: v20.20.1
[0;34mℹ[0m npm: 10.8.2
[0;34mℹ[0m Git: git version 2.39.3 (Apple Git-146)
[0;34mℹ[0m Python: Python 3.11.15
[0;35m▶[0m 设置备份目录...
[0;34mℹ[0m 备份目录已存在：.theme_backups
[0;35m▶[0m 执行完整备份...
[0;32m✓[0m 已备份：_config.next.yml
[0;32m✓[0m 已备份：themes/next/_config.yml
[0;32m✓[0m 已备份：source/_data
[0;34mℹ[0m 备份位置：.theme_backups/full_backup_20260323_092627
[0;32m✓[0m 完整备份完成！
[0;35m▶[0m 智能检查配置...
[0;32m✓[0m 配置检查完成！
[0;35m▶[0m 自动优化配置...
[0;32m✓[0m 配置优化完成！
[0;35m▶[0m 检查主题更新...
[0;34mℹ[0m 当前版本：8.27.0
[0;34mℹ[0m 最新版本：8.27.0
[0;32m✓[0m 已是最新版本
[0;35m▶[0m 清理冗余文件...
[0;34mℹ[0m 没有发现冗余文件
[0;35m▶[0m 生成综合优化报告...
[0;32m✓[0m 报告已生成：ai_optimization_report_20260323_092627.md
[0;36m[2026-03-23 09:26:37][0m ============================================================
[0;32m✓[0m ✨ 一键优化完成！
[0;36m[2026-03-23 09:26:37][0m ============================================================
[0;36m[2026-03-23 09:26:37][0m 查看报告：ls -lh *report*.md
[0;36m[2026-03-23 09:26:37][0m 查看日志：cat .ai_optimization.log
[0;36m[2026-03-23 09:26:37][0m ============================================================
[0;34mℹ[0m 运行 Hexo 生成测试...
[0;32m✓[0m 网站生成成功！
